<?xml version="1.0" encoding="UTF-8"?>
<testsuite xmlns:xsi="http://www.w3.org/2001/XMLSchema-instance" xsi:noNamespaceSchemaLocation="https://maven.apache.org/surefire/maven-surefire-plugin/xsd/surefire-test-report-3.0.xsd" version="3.0" name="com.algonquincollege.cst8277.models.Employee_c_PhonesTestSuite" time="0.134" tests="11" errors="0" skipped="0" failures="0">
  <properties>
[...]
</properties>
  <testcase name="test_a_no_Phones_at_start" classname="com.algonquincollege.cst8277.models.Employee_c_PhonesTestSuite" time="0.001"/>
  <testcase name="test_find_phoneNumberByEmployeeId" classname="com.algonquincollege.cst8277.models.Employee_c_PhonesTestSuite" time="0.065"/>
  <testcase name="test_cg_howManyPhoneNumberForEmp10" classname="com.algonquincollege.cst8277.models.Employee_c_PhonesTestSuite" time="0.002"/>
  <testcase name="test_b_create_emp_phone" classname="com.algonquincollege.cst8277.models.Employee_c_PhonesTestSuite" time="0.002"/>
  <testcase name="test_first_emp_phoneByPhoneID" classname="com.algonquincollege.cst8277.models.Employee_c_PhonesTestSuite" time="0"/>
  <testcase name="test_cc_delete_emp_after_deleting_phone" classname="com.algonquincollege.cst8277.models.Employee_c_PhonesTestSuite" time="0.003"/>
  <testcase name="test_cb_delete_phone" classname="com.algonquincollege.cst8277.models.Employee_c_PhonesTestSuite" time="0.002"/>
  <testcase name="test_cf_count_phone" classname="com.algonquincollege.cst8277.models.Employee_c_PhonesTestSuite" time="0.003"/>
  <testcase name="test_f_findingPhoneUsingLike" classname="com.algonquincollege.cst8277.models.Employee_c_PhonesTestSuite" time="0.015"/>
  <testcase name="test_ca_update_phone" classname="com.algonquincollege.cst8277.models.Employee_c_PhonesTestSuite" time="0.006"/>
  <testcase name="test_criteria_first_emp_phone" classname="com.algonquincollege.cst8277.models.Employee_c_PhonesTestSuite" time="0.004"/>
</testsuite>